[00:20:04] [main/INFO]: Loading Minecraft 1.21.8 with Fabric Loader 0.16.14
[00:20:05] [main/INFO]: Loading 4 mods:
	- fabricloader 0.16.14
	   \-- mixinextras 0.4.1
	- java 21
	- minecraft 1.21.8
[00:20:05] [main/INFO]: SpongePowered MIXIN Subsystem Version=0.8.7 Source=file:/workspaces/MostacerosFc/servidor_minecraft/libraries/net/fabricmc/sponge-mixin/0.15.5+mixin.0.8.7/sponge-mixin-0.15.5+mixin.0.8.7.jar Service=Knot/Fabric Env=SERVER
[00:20:14] [main/INFO]: Environment: Environment[sessionHost=https://sessionserver.mojang.com, servicesHost=https://api.minecraftservices.com, name=PROD]
[00:20:16] [main/INFO]: No existing world data, creating new world
[00:20:18] [main/INFO]: Loaded 1407 recipes
[00:20:18] [main/INFO]: Loaded 1520 advancements
[00:20:18] [Server thread/INFO]: Starting minecraft server version 1.21.8
[00:20:18] [Server thread/INFO]: Loading properties
[00:20:18] [Server thread/INFO]: Default game type: SURVIVAL
[00:20:18] [Server thread/INFO]: Generating keypair
[00:20:18] [Server thread/INFO]: Starting Minecraft server on *:25565
[00:20:18] [Server thread/INFO]: Using epoll channel type
[00:20:18] [Server thread/WARN]: **** SERVER IS RUNNING IN OFFLINE/INSECURE MODE!
[00:20:18] [Server thread/WARN]: The server will make no attempt to authenticate usernames. Beware.
[00:20:18] [Server thread/WARN]: While this makes the game possible to play without internet access, it also opens up the ability for hackers to connect with any username they choose.
[00:20:18] [Server thread/WARN]: To change this, set "online-mode" to "true" in the server.properties file.
[00:20:18] [Server thread/INFO]: Preparing level "world"
[00:20:33] [Server thread/INFO]: Preparing start region for dimension minecraft:overworld
[00:20:33] [Worker-Main-1/INFO]: Preparing spawn area: 2%
[00:20:34] [Worker-Main-1/INFO]: Preparing spawn area: 2%
[00:20:34] [Worker-Main-1/INFO]: Preparing spawn area: 2%
[00:20:35] [Worker-Main-1/INFO]: Preparing spawn area: 2%
[00:20:35] [Worker-Main-1/INFO]: Preparing spawn area: 2%
[00:20:36] [Worker-Main-1/INFO]: Preparing spawn area: 2%
[00:20:36] [Worker-Main-1/INFO]: Preparing spawn area: 2%
[00:20:37] [Worker-Main-1/INFO]: Preparing spawn area: 2%
[00:20:37] [Worker-Main-1/INFO]: Preparing spawn area: 2%
[00:20:38] [Worker-Main-1/INFO]: Preparing spawn area: 2%
[00:20:38] [Worker-Main-1/INFO]: Preparing spawn area: 2%
[00:20:39] [Worker-Main-1/INFO]: Preparing spawn area: 2%
[00:20:39] [Worker-Main-1/INFO]: Preparing spawn area: 2%
[00:20:40] [Worker-Main-1/INFO]: Preparing spawn area: 2%
[00:20:40] [Worker-Main-1/INFO]: Preparing spawn area: 2%
[00:20:41] [Worker-Main-1/INFO]: Preparing spawn area: 2%
[00:20:41] [Worker-Main-1/INFO]: Preparing spawn area: 2%
[00:20:42] [Worker-Main-1/INFO]: Preparing spawn area: 4%
[00:20:42] [Server thread/INFO]: Time elapsed: 8680 ms
[00:20:42] [Server thread/INFO]: Done (23.474s)! For help, type "help"
[00:21:42] [Server thread/INFO]: Server empty for 60 seconds, pausing
[00:22:19] [Server thread/INFO]: XxBryankunxX[/127.181.58.154:56915] logged in with entity id 13 at (-5.5, 71.0, -0.5)
[00:22:19] [Server thread/INFO]: XxBryankunxX joined the game
[00:23:41] [Server thread/INFO]: XxBryankunxX lost connection: Disconnected
[00:23:41] [Server thread/INFO]: XxBryankunxX left the game
[00:23:45] [Server thread/INFO]: Stopping the server
[00:23:45] [Server thread/INFO]: Stopping server
[00:23:45] [Server thread/INFO]: Saving players
[00:23:45] [Server thread/INFO]: Saving worlds
[00:23:45] [Server thread/INFO]: Saving chunks for level 'ServerLevel[world]'/minecraft:overworld
[00:23:46] [Server thread/INFO]: Saving chunks for level 'ServerLevel[world]'/minecraft:the_end
[00:23:46] [Server thread/INFO]: Saving chunks for level 'ServerLevel[world]'/minecraft:the_nether
[00:23:46] [Server thread/INFO]: ThreadedAnvilChunkStorage (world): All chunks are saved
[00:23:46] [Server thread/INFO]: ThreadedAnvilChunkStorage (DIM1): All chunks are saved
[00:23:46] [Server thread/INFO]: ThreadedAnvilChunkStorage (DIM-1): All chunks are saved
[00:23:46] [Server thread/INFO]: ThreadedAnvilChunkStorage: All dimensions are saved
